ARM GAS  /cygdrive/c/Users/Tomek/AppData/Local/Temp/cc4i9IeP.s 			page 1


   1              		.code	16
   2              		.file	"Reflexes.c"
   3              		.section	.debug_abbrev,"",%progbits
   4              	.Ldebug_abbrev0:
   5              		.section	.debug_info,"",%progbits
   6              	.Ldebug_info0:
   7              		.section	.debug_line,"",%progbits
   8              	.Ldebug_line0:
   9 0000 7C000000 		.text
   9      02005500 
   9      00000201 
   9      FB0E0D00 
   9      01010101 
  10              	.Ltext0:
  11              		.align	2
  12              		.global	authorsFooter
  13              		.code 16
  14              		.thumb_func
  15              		.type	authorsFooter, %function
  16              	authorsFooter:
  17              	.LFB3:
  18              		.file 1 "Reflexes.c"
   1:Reflexes.c    **** /******************************************************************************
   2:Reflexes.c    ****  *
   3:Reflexes.c    ****  * Copyright:
   4:Reflexes.c    ****  *    (C) 2011 Zbyszko Natkañski
   5:Reflexes.c    ****  *
   6:Reflexes.c    ****  * File:
   7:Reflexes.c    ****  *    Reflexes.c
   8:Reflexes.c    ****  *
   9:Reflexes.c    ****  * Description:
  10:Reflexes.c    ****  *    Implementation of Reflexes application.
  11:Reflexes.c    ****  *
  12:Reflexes.c    ****  *****************************************************************************/
  13:Reflexes.c    **** 
  14:Reflexes.c    **** /******************************************************************************
  15:Reflexes.c    ****  * Includes
  16:Reflexes.c    ****  *****************************************************************************/
  17:Reflexes.c    **** #include "../pre_emptive_os/api/osapi.h"
  18:Reflexes.c    **** #include "../pre_emptive_os/api/general.h"
  19:Reflexes.c    **** #include <printf_P.h>
  20:Reflexes.c    **** #include <ea_init.h>
  21:Reflexes.c    **** #include "lcd.h"
  22:Reflexes.c    **** #include "key.h"
  23:Reflexes.c    **** #include "Arrow.h"
  24:Reflexes.c    **** 
  25:Reflexes.c    **** /******************************************************************************
  26:Reflexes.c    ****  * Typedefs and defines
  27:Reflexes.c    ****  *****************************************************************************/
  28:Reflexes.c    **** 
  29:Reflexes.c    **** 
  30:Reflexes.c    **** /*****************************************************************************
  31:Reflexes.c    ****  * Local variables
  32:Reflexes.c    ****  ****************************************************************************/
  33:Reflexes.c    **** 
  34:Reflexes.c    **** 
  35:Reflexes.c    **** /*****************************************************************************
ARM GAS  /cygdrive/c/Users/Tomek/AppData/Local/Temp/cc4i9IeP.s 			page 2


  36:Reflexes.c    ****  * External variables
  37:Reflexes.c    ****  ****************************************************************************/
  38:Reflexes.c    **** 
  39:Reflexes.c    **** 
  40:Reflexes.c    **** /*****************************************************************************
  41:Reflexes.c    ****  *
  42:Reflexes.c    ****  * Description:
  43:Reflexes.c    ****  *    Check if current place for figure is valid
  44:Reflexes.c    ****  *
  45:Reflexes.c    ****  ****************************************************************************/
  46:Reflexes.c    **** void initApp(void){
  47:Reflexes.c    **** 
  48:Reflexes.c    **** 	  lcdColor(0,0);
  49:Reflexes.c    **** 	  lcdClrscr();
  50:Reflexes.c    **** 
  51:Reflexes.c    **** 	  lcdRect(14, 0, 102, 128, 0x6d);
  52:Reflexes.c    **** 	  lcdRect(15, 17, 100, 110, 0);
  53:Reflexes.c    **** 
  54:Reflexes.c    **** 	  lcdGotoxy(48,1);
  55:Reflexes.c    **** 	  lcdColor(0x6d,0);
  56:Reflexes.c    **** 	  lcdPuts("Reflexer");
  57:Reflexes.c    **** 
  58:Reflexes.c    **** 	for(;;){
  59:Reflexes.c    **** 
  60:Reflexes.c    **** 		tU8 pressKey;
  61:Reflexes.c    **** 		pressKey = checkKey();
  62:Reflexes.c    **** 	    if (pressKey != KEY_NOTHING)
  63:Reflexes.c    **** 	    {
  64:Reflexes.c    **** 		if(pressKey == KEY_LEFT) getLeftArrow();
  65:Reflexes.c    **** 		else if(pressKey == KEY_UP) getUpArrow();
  66:Reflexes.c    **** 		else if(pressKey == KEY_DOWN) getDownArrow();
  67:Reflexes.c    **** 		else if(pressKey == KEY_RIGHT) getRightArrow();
  68:Reflexes.c    **** 	    }
  69:Reflexes.c    **** 	}
  70:Reflexes.c    **** }
  71:Reflexes.c    **** 
  72:Reflexes.c    **** void authorsFooter(void){
  19              		.loc 1 72 0
  20              		@ lr needed for prologue
  73:Reflexes.c    **** 
  74:Reflexes.c    **** }
  21              		.loc 1 74 0
  22              		@ sp needed for prologue
  23 0000 7047     		bx	lr
  24              	.LFE3:
  25              		.size	authorsFooter, .-authorsFooter
  26 0002 0000     		.align	2
  27              		.global	instructionsInfo
  28              		.code 16
  29              		.thumb_func
  30              		.type	instructionsInfo, %function
  31              	instructionsInfo:
  32              	.LFB4:
  75:Reflexes.c    **** 
  76:Reflexes.c    **** void instructionsInfo(void){
  33              		.loc 1 76 0
  34              		@ lr needed for prologue
ARM GAS  /cygdrive/c/Users/Tomek/AppData/Local/Temp/cc4i9IeP.s 			page 3


  77:Reflexes.c    **** 
  78:Reflexes.c    **** }
  35              		.loc 1 78 0
  36              		@ sp needed for prologue
  37 0004 7047     		bx	lr
  38              	.LFE4:
  39              		.size	instructionsInfo, .-instructionsInfo
  40              		.section	.rodata.str1.4,"aMS",%progbits,1
  41              		.align	2
  42              	.LC0:
  43 0000 5265666C 		.ascii	"Reflexer\000"
  43      65786572 
  43      00
  44 0009 000000   		.text
  45 0006 0000     		.align	2
  46              		.global	initApp
  47              		.code 16
  48              		.thumb_func
  49              		.type	initApp, %function
  50              	initApp:
  51              	.LFB2:
  52              		.loc 1 46 0
  53 0008 00B5     		push	{lr}
  54              	.LCFI0:
  55 000a 81B0     		sub	sp, sp, #4
  56              	.LCFI1:
  57              		.loc 1 48 0
  58 000c 0020     		mov	r0, #0
  59 000e 0021     		mov	r1, #0
  60 0010 FFF7FEFF 		bl	lcdColor
  61              		.loc 1 49 0
  62 0014 FFF7FEFF 		bl	lcdClrscr
  63              		.loc 1 51 0
  64 0018 6D23     		mov	r3, #109
  65 001a 0093     		str	r3, [sp]
  66 001c 0E20     		mov	r0, #14
  67 001e 0021     		mov	r1, #0
  68 0020 6622     		mov	r2, #102
  69 0022 8023     		mov	r3, #128
  70 0024 FFF7FEFF 		bl	lcdRect
  71              		.loc 1 52 0
  72 0028 0023     		mov	r3, #0
  73 002a 6422     		mov	r2, #100
  74 002c 0093     		str	r3, [sp]
  75 002e 0F20     		mov	r0, #15
  76 0030 6E23     		mov	r3, #110
  77 0032 1121     		mov	r1, #17
  78 0034 FFF7FEFF 		bl	lcdRect
  79              		.loc 1 54 0
  80 0038 3020     		mov	r0, #48
  81 003a 0121     		mov	r1, #1
  82 003c FFF7FEFF 		bl	lcdGotoxy
  83              		.loc 1 55 0
  84 0040 6D20     		mov	r0, #109
  85 0042 0021     		mov	r1, #0
  86 0044 FFF7FEFF 		bl	lcdColor
  87              		.loc 1 56 0
ARM GAS  /cygdrive/c/Users/Tomek/AppData/Local/Temp/cc4i9IeP.s 			page 4


  88 0048 0D48     		ldr	r0, .L22
  89 004a FFF7FEFF 		bl	lcdPuts
  90              	.LVL0:
  91              	.L21:
  92              	.LBB2:
  93              		.loc 1 61 0
  94 004e FFF7FEFF 		bl	checkKey
  95              	.LVL1:
  96              	.LVL2:
  97              		.loc 1 62 0
  98 0052 0028     		cmp	r0, #0
  99 0054 FBD0     		beq	.L21
 100              		.loc 1 64 0
 101 0056 0828     		cmp	r0, #8
 102 0058 02D1     		bne	.L8
 103 005a FFF7FEFF 		bl	getLeftArrow
 104              	.LVL3:
 105 005e F6E7     		b	.L21
 106              	.LVL4:
 107              	.L8:
 108              		.loc 1 65 0
 109 0060 0128     		cmp	r0, #1
 110 0062 02D1     		bne	.L10
 111 0064 FFF7FEFF 		bl	getUpArrow
 112              	.LVL5:
 113 0068 F1E7     		b	.L21
 114              	.LVL6:
 115              	.L10:
 116              		.loc 1 66 0
 117 006a 0428     		cmp	r0, #4
 118 006c 02D1     		bne	.L12
 119 006e FFF7FEFF 		bl	getDownArrow
 120              	.LVL7:
 121 0072 ECE7     		b	.L21
 122              	.LVL8:
 123              	.L12:
 124              		.loc 1 67 0
 125 0074 0228     		cmp	r0, #2
 126 0076 EAD1     		bne	.L21
 127 0078 FFF7FEFF 		bl	getRightArrow
 128              	.LVL9:
 129 007c E7E7     		b	.L21
 130              	.L23:
 131 007e 0000     		.align	2
 132              	.L22:
 133 0080 00000000 		.word	.LC0
 134              	.LBE2:
 135              	.LFE2:
 136              		.size	initApp, .-initApp
 137              		.section	.debug_frame,"",%progbits
 138              	.Lframe0:
 139 0000 0C000000 		.4byte	.LECIE0-.LSCIE0
 140              	.LSCIE0:
 141 0004 FFFFFFFF 		.4byte	0xffffffff
 142 0008 01       		.byte	0x1
 143 0009 00       		.ascii	"\000"
 144 000a 01       		.uleb128 0x1
ARM GAS  /cygdrive/c/Users/Tomek/AppData/Local/Temp/cc4i9IeP.s 			page 5


 145 000b 7C       		.sleb128 -4
 146 000c 0E       		.byte	0xe
 147 000d 0C       		.byte	0xc
 148 000e 0D       		.uleb128 0xd
 149 000f 00       		.uleb128 0x0
 150              		.align	2
 151              	.LECIE0:
 152              	.LSFDE0:
 153 0010 0C000000 		.4byte	.LEFDE0-.LASFDE0
 154              	.LASFDE0:
 155 0014 00000000 		.4byte	.Lframe0
 156 0018 00000000 		.4byte	.LFB3
 157 001c 02000000 		.4byte	.LFE3-.LFB3
 158              		.align	2
 159              	.LEFDE0:
 160              	.LSFDE2:
 161 0020 0C000000 		.4byte	.LEFDE2-.LASFDE2
 162              	.LASFDE2:
 163 0024 00000000 		.4byte	.Lframe0
 164 0028 04000000 		.4byte	.LFB4
 165 002c 02000000 		.4byte	.LFE4-.LFB4
 166              		.align	2
 167              	.LEFDE2:
 168              	.LSFDE4:
 169 0030 14000000 		.4byte	.LEFDE4-.LASFDE4
 170              	.LASFDE4:
 171 0034 00000000 		.4byte	.Lframe0
 172 0038 08000000 		.4byte	.LFB2
 173 003c 7C000000 		.4byte	.LFE2-.LFB2
 174 0040 42       		.byte	0x4
 175              		.4byte	.LCFI0-.LFB2
 176 0041 0E       		.byte	0xe
 177 0042 04       		.uleb128 0x4
 178 0043 8E       		.byte	0x8e
 179 0044 01       		.uleb128 0x1
 180 0045 42       		.byte	0x4
 181              		.4byte	.LCFI1-.LCFI0
 182 0046 0E       		.byte	0xe
 183 0047 08       		.uleb128 0x8
 184              		.align	2
 185              	.LEFDE4:
 186              		.file 2 "./startup/../pre_emptive_os/api/../api/general.h"
 187              		.text
 188              	.Letext0:
 189              		.section	.debug_loc,"",%progbits
 190              	.Ldebug_loc0:
 191              	.LLST2:
 192 0000 08000000 		.4byte	.LFB2-.Ltext0
 193 0004 0A000000 		.4byte	.LCFI0-.Ltext0
 194 0008 0100     		.2byte	0x1
 195 000a 5D       		.byte	0x5d
 196 000b 0A000000 		.4byte	.LCFI0-.Ltext0
 197 000f 0C000000 		.4byte	.LCFI1-.Ltext0
 198 0013 0200     		.2byte	0x2
 199 0015 7D       		.byte	0x7d
 200 0016 04       		.sleb128 4
 201 0017 0C000000 		.4byte	.LCFI1-.Ltext0
ARM GAS  /cygdrive/c/Users/Tomek/AppData/Local/Temp/cc4i9IeP.s 			page 6


 202 001b 84000000 		.4byte	.LFE2-.Ltext0
 203 001f 0200     		.2byte	0x2
 204 0021 7D       		.byte	0x7d
 205 0022 08       		.sleb128 8
 206 0023 00000000 		.4byte	0x0
 207 0027 00000000 		.4byte	0x0
 208              	.LLST3:
 209 002b 4E000000 		.4byte	.LVL0-.Ltext0
 210 002f 52000000 		.4byte	.LVL1-.Ltext0
 211 0033 0100     		.2byte	0x1
 212 0035 50       		.byte	0x50
 213 0036 52000000 		.4byte	.LVL2-.Ltext0
 214 003a 5E000000 		.4byte	.LVL3-.Ltext0
 215 003e 0100     		.2byte	0x1
 216 0040 50       		.byte	0x50
 217 0041 60000000 		.4byte	.LVL4-.Ltext0
 218 0045 68000000 		.4byte	.LVL5-.Ltext0
 219 0049 0100     		.2byte	0x1
 220 004b 50       		.byte	0x50
 221 004c 6A000000 		.4byte	.LVL6-.Ltext0
 222 0050 72000000 		.4byte	.LVL7-.Ltext0
 223 0054 0100     		.2byte	0x1
 224 0056 50       		.byte	0x50
 225 0057 74000000 		.4byte	.LVL8-.Ltext0
 226 005b 7C000000 		.4byte	.LVL9-.Ltext0
 227 005f 0100     		.2byte	0x1
 228 0061 50       		.byte	0x50
 229 0062 00000000 		.4byte	0x0
 230 0066 00000000 		.4byte	0x0
 231              		.section	.debug_info
 232 0000 B3000000 		.4byte	0xb3
 233 0004 0200     		.2byte	0x2
 234 0006 00000000 		.4byte	.Ldebug_abbrev0
 235 000a 04       		.byte	0x4
 236 000b 01       		.uleb128 0x1
 237 000c 00000000 		.4byte	.Ldebug_line0
 238 0010 84000000 		.4byte	.Letext0
 239 0014 00000000 		.4byte	.Ltext0
 240 0018 B4000000 		.4byte	.LASF8
 241 001c 01       		.byte	0x1
 242 001d C0000000 		.4byte	.LASF9
 243 0021 67000000 		.4byte	.LASF10
 244 0025 02       		.uleb128 0x2
 245 0026 74553800 		.ascii	"tU8\000"
 246 002a 02       		.byte	0x2
 247 002b 47       		.byte	0x47
 248 002c 30000000 		.4byte	0x30
 249 0030 03       		.uleb128 0x3
 250 0031 27000000 		.4byte	.LASF0
 251 0035 01       		.byte	0x1
 252 0036 08       		.byte	0x8
 253 0037 03       		.uleb128 0x3
 254 0038 47000000 		.4byte	.LASF1
 255 003c 02       		.byte	0x2
 256 003d 07       		.byte	0x7
 257 003e 03       		.uleb128 0x3
 258 003f 5A000000 		.4byte	.LASF2
ARM GAS  /cygdrive/c/Users/Tomek/AppData/Local/Temp/cc4i9IeP.s 			page 7


 259 0043 04       		.byte	0x4
 260 0044 07       		.byte	0x7
 261 0045 03       		.uleb128 0x3
 262 0046 D5000000 		.4byte	.LASF3
 263 004a 01       		.byte	0x1
 264 004b 06       		.byte	0x6
 265 004c 03       		.uleb128 0x3
 266 004d CB000000 		.4byte	.LASF4
 267 0051 02       		.byte	0x2
 268 0052 05       		.byte	0x5
 269 0053 04       		.uleb128 0x4
 270 0054 696E7400 		.ascii	"int\000"
 271 0058 04       		.byte	0x4
 272 0059 05       		.byte	0x5
 273 005a 03       		.uleb128 0x3
 274 005b 35000000 		.4byte	.LASF5
 275 005f 04       		.byte	0x4
 276 0060 07       		.byte	0x7
 277 0061 05       		.uleb128 0x5
 278 0062 01       		.byte	0x1
 279 0063 19000000 		.4byte	.LASF6
 280 0067 01       		.byte	0x1
 281 0068 48       		.byte	0x48
 282 0069 01       		.byte	0x1
 283 006a 00000000 		.4byte	.LFB3
 284 006e 02000000 		.4byte	.LFE3
 285 0072 01       		.byte	0x1
 286 0073 5D       		.byte	0x5d
 287 0074 05       		.uleb128 0x5
 288 0075 01       		.byte	0x1
 289 0076 00000000 		.4byte	.LASF7
 290 007a 01       		.byte	0x1
 291 007b 4C       		.byte	0x4c
 292 007c 01       		.byte	0x1
 293 007d 04000000 		.4byte	.LFB4
 294 0081 06000000 		.4byte	.LFE4
 295 0085 01       		.byte	0x1
 296 0086 5D       		.byte	0x5d
 297 0087 06       		.uleb128 0x6
 298 0088 01       		.byte	0x1
 299 0089 11000000 		.4byte	.LASF11
 300 008d 01       		.byte	0x1
 301 008e 2E       		.byte	0x2e
 302 008f 01       		.byte	0x1
 303 0090 08000000 		.4byte	.LFB2
 304 0094 84000000 		.4byte	.LFE2
 305 0098 00000000 		.4byte	.LLST2
 306 009c 07       		.uleb128 0x7
 307 009d 4E000000 		.4byte	.LBB2
 308 00a1 84000000 		.4byte	.LBE2
 309 00a5 08       		.uleb128 0x8
 310 00a6 AB000000 		.4byte	.LASF12
 311 00aa 01       		.byte	0x1
 312 00ab 3C       		.byte	0x3c
 313 00ac 25000000 		.4byte	0x25
 314 00b0 2B000000 		.4byte	.LLST3
 315 00b4 00       		.byte	0x0
ARM GAS  /cygdrive/c/Users/Tomek/AppData/Local/Temp/cc4i9IeP.s 			page 8


 316 00b5 00       		.byte	0x0
 317 00b6 00       		.byte	0x0
 318              		.section	.debug_abbrev
 319 0000 01       		.uleb128 0x1
 320 0001 11       		.uleb128 0x11
 321 0002 01       		.byte	0x1
 322 0003 10       		.uleb128 0x10
 323 0004 06       		.uleb128 0x6
 324 0005 12       		.uleb128 0x12
 325 0006 01       		.uleb128 0x1
 326 0007 11       		.uleb128 0x11
 327 0008 01       		.uleb128 0x1
 328 0009 25       		.uleb128 0x25
 329 000a 0E       		.uleb128 0xe
 330 000b 13       		.uleb128 0x13
 331 000c 0B       		.uleb128 0xb
 332 000d 03       		.uleb128 0x3
 333 000e 0E       		.uleb128 0xe
 334 000f 1B       		.uleb128 0x1b
 335 0010 0E       		.uleb128 0xe
 336 0011 00       		.byte	0x0
 337 0012 00       		.byte	0x0
 338 0013 02       		.uleb128 0x2
 339 0014 16       		.uleb128 0x16
 340 0015 00       		.byte	0x0
 341 0016 03       		.uleb128 0x3
 342 0017 08       		.uleb128 0x8
 343 0018 3A       		.uleb128 0x3a
 344 0019 0B       		.uleb128 0xb
 345 001a 3B       		.uleb128 0x3b
 346 001b 0B       		.uleb128 0xb
 347 001c 49       		.uleb128 0x49
 348 001d 13       		.uleb128 0x13
 349 001e 00       		.byte	0x0
 350 001f 00       		.byte	0x0
 351 0020 03       		.uleb128 0x3
 352 0021 24       		.uleb128 0x24
 353 0022 00       		.byte	0x0
 354 0023 03       		.uleb128 0x3
 355 0024 0E       		.uleb128 0xe
 356 0025 0B       		.uleb128 0xb
 357 0026 0B       		.uleb128 0xb
 358 0027 3E       		.uleb128 0x3e
 359 0028 0B       		.uleb128 0xb
 360 0029 00       		.byte	0x0
 361 002a 00       		.byte	0x0
 362 002b 04       		.uleb128 0x4
 363 002c 24       		.uleb128 0x24
 364 002d 00       		.byte	0x0
 365 002e 03       		.uleb128 0x3
 366 002f 08       		.uleb128 0x8
 367 0030 0B       		.uleb128 0xb
 368 0031 0B       		.uleb128 0xb
 369 0032 3E       		.uleb128 0x3e
 370 0033 0B       		.uleb128 0xb
 371 0034 00       		.byte	0x0
 372 0035 00       		.byte	0x0
ARM GAS  /cygdrive/c/Users/Tomek/AppData/Local/Temp/cc4i9IeP.s 			page 9


 373 0036 05       		.uleb128 0x5
 374 0037 2E       		.uleb128 0x2e
 375 0038 00       		.byte	0x0
 376 0039 3F       		.uleb128 0x3f
 377 003a 0C       		.uleb128 0xc
 378 003b 03       		.uleb128 0x3
 379 003c 0E       		.uleb128 0xe
 380 003d 3A       		.uleb128 0x3a
 381 003e 0B       		.uleb128 0xb
 382 003f 3B       		.uleb128 0x3b
 383 0040 0B       		.uleb128 0xb
 384 0041 27       		.uleb128 0x27
 385 0042 0C       		.uleb128 0xc
 386 0043 11       		.uleb128 0x11
 387 0044 01       		.uleb128 0x1
 388 0045 12       		.uleb128 0x12
 389 0046 01       		.uleb128 0x1
 390 0047 40       		.uleb128 0x40
 391 0048 0A       		.uleb128 0xa
 392 0049 00       		.byte	0x0
 393 004a 00       		.byte	0x0
 394 004b 06       		.uleb128 0x6
 395 004c 2E       		.uleb128 0x2e
 396 004d 01       		.byte	0x1
 397 004e 3F       		.uleb128 0x3f
 398 004f 0C       		.uleb128 0xc
 399 0050 03       		.uleb128 0x3
 400 0051 0E       		.uleb128 0xe
 401 0052 3A       		.uleb128 0x3a
 402 0053 0B       		.uleb128 0xb
 403 0054 3B       		.uleb128 0x3b
 404 0055 0B       		.uleb128 0xb
 405 0056 27       		.uleb128 0x27
 406 0057 0C       		.uleb128 0xc
 407 0058 11       		.uleb128 0x11
 408 0059 01       		.uleb128 0x1
 409 005a 12       		.uleb128 0x12
 410 005b 01       		.uleb128 0x1
 411 005c 40       		.uleb128 0x40
 412 005d 06       		.uleb128 0x6
 413 005e 00       		.byte	0x0
 414 005f 00       		.byte	0x0
 415 0060 07       		.uleb128 0x7
 416 0061 0B       		.uleb128 0xb
 417 0062 01       		.byte	0x1
 418 0063 11       		.uleb128 0x11
 419 0064 01       		.uleb128 0x1
 420 0065 12       		.uleb128 0x12
 421 0066 01       		.uleb128 0x1
 422 0067 00       		.byte	0x0
 423 0068 00       		.byte	0x0
 424 0069 08       		.uleb128 0x8
 425 006a 34       		.uleb128 0x34
 426 006b 00       		.byte	0x0
 427 006c 03       		.uleb128 0x3
 428 006d 0E       		.uleb128 0xe
 429 006e 3A       		.uleb128 0x3a
ARM GAS  /cygdrive/c/Users/Tomek/AppData/Local/Temp/cc4i9IeP.s 			page 10


 430 006f 0B       		.uleb128 0xb
 431 0070 3B       		.uleb128 0x3b
 432 0071 0B       		.uleb128 0xb
 433 0072 49       		.uleb128 0x49
 434 0073 13       		.uleb128 0x13
 435 0074 02       		.uleb128 0x2
 436 0075 06       		.uleb128 0x6
 437 0076 00       		.byte	0x0
 438 0077 00       		.byte	0x0
 439 0078 00       		.byte	0x0
 440              		.section	.debug_pubnames,"",%progbits
 441 0000 41000000 		.4byte	0x41
 442 0004 0200     		.2byte	0x2
 443 0006 00000000 		.4byte	.Ldebug_info0
 444 000a B7000000 		.4byte	0xb7
 445 000e 61000000 		.4byte	0x61
 446 0012 61757468 		.ascii	"authorsFooter\000"
 446      6F727346 
 446      6F6F7465 
 446      7200
 447 0020 74000000 		.4byte	0x74
 448 0024 696E7374 		.ascii	"instructionsInfo\000"
 448      72756374 
 448      696F6E73 
 448      496E666F 
 448      00
 449 0035 87000000 		.4byte	0x87
 450 0039 696E6974 		.ascii	"initApp\000"
 450      41707000 
 451 0041 00000000 		.4byte	0x0
 452              		.section	.debug_aranges,"",%progbits
 453 0000 1C000000 		.4byte	0x1c
 454 0004 0200     		.2byte	0x2
 455 0006 00000000 		.4byte	.Ldebug_info0
 456 000a 04       		.byte	0x4
 457 000b 00       		.byte	0x0
 458 000c 0000     		.2byte	0x0
 459 000e 0000     		.2byte	0x0
 460 0010 00000000 		.4byte	.Ltext0
 461 0014 84000000 		.4byte	.Letext0-.Ltext0
 462 0018 00000000 		.4byte	0x0
 463 001c 00000000 		.4byte	0x0
 464              		.section	.debug_str,"MS",%progbits,1
 465              	.LASF7:
 466 0000 696E7374 		.ascii	"instructionsInfo\000"
 466      72756374 
 466      696F6E73 
 466      496E666F 
 466      00
 467              	.LASF11:
 468 0011 696E6974 		.ascii	"initApp\000"
 468      41707000 
 469              	.LASF6:
 470 0019 61757468 		.ascii	"authorsFooter\000"
 470      6F727346 
 470      6F6F7465 
 470      7200
ARM GAS  /cygdrive/c/Users/Tomek/AppData/Local/Temp/cc4i9IeP.s 			page 11


 471              	.LASF0:
 472 0027 756E7369 		.ascii	"unsigned char\000"
 472      676E6564 
 472      20636861 
 472      7200
 473              	.LASF5:
 474 0035 6C6F6E67 		.ascii	"long unsigned int\000"
 474      20756E73 
 474      69676E65 
 474      6420696E 
 474      7400
 475              	.LASF1:
 476 0047 73686F72 		.ascii	"short unsigned int\000"
 476      7420756E 
 476      7369676E 
 476      65642069 
 476      6E7400
 477              	.LASF2:
 478 005a 756E7369 		.ascii	"unsigned int\000"
 478      676E6564 
 478      20696E74 
 478      00
 479              	.LASF10:
 480 0067 2F637967 		.ascii	"/cygdrive/c/Users/Tomek/Embedded Systems/Repozytori"
 480      64726976 
 480      652F632F 
 480      55736572 
 480      732F546F 
 481 009a 756D2F65 		.ascii	"um/embedded/2138\000"
 481      6D626564 
 481      6465642F 
 481      32313338 
 481      00
 482              	.LASF12:
 483 00ab 70726573 		.ascii	"pressKey\000"
 483      734B6579 
 483      00
 484              	.LASF8:
 485 00b4 474E5520 		.ascii	"GNU C 4.1.1\000"
 485      4320342E 
 485      312E3100 
 486              	.LASF9:
 487 00c0 5265666C 		.ascii	"Reflexes.c\000"
 487      65786573 
 487      2E6300
 488              	.LASF4:
 489 00cb 73686F72 		.ascii	"short int\000"
 489      7420696E 
 489      7400
 490              	.LASF3:
 491 00d5 7369676E 		.ascii	"signed char\000"
 491      65642063 
 491      68617200 
 492              		.ident	"GCC: (GNU) 4.1.1"
ARM GAS  /cygdrive/c/Users/Tomek/AppData/Local/Temp/cc4i9IeP.s 			page 12


DEFINED SYMBOLS
                            *ABS*:00000000 Reflexes.c
/cygdrive/c/Users/Tomek/AppData/Local/Temp/cc4i9IeP.s:1      .text:00000000 $t
/cygdrive/c/Users/Tomek/AppData/Local/Temp/cc4i9IeP.s:16     .text:00000000 authorsFooter
/cygdrive/c/Users/Tomek/AppData/Local/Temp/cc4i9IeP.s:31     .text:00000004 instructionsInfo
/cygdrive/c/Users/Tomek/AppData/Local/Temp/cc4i9IeP.s:50     .text:00000008 initApp
/cygdrive/c/Users/Tomek/AppData/Local/Temp/cc4i9IeP.s:133    .text:00000080 $d

UNDEFINED SYMBOLS
lcdColor
lcdClrscr
lcdRect
lcdGotoxy
lcdPuts
checkKey
getLeftArrow
getUpArrow
getDownArrow
getRightArrow
